<?xml version="1.0" encoding="UTF-8"?>
<!-- Generated by org.testng.reporters.JUnitXMLReporter -->
<testsuite hostname="DESKTOP-5BDCR5P" ignored="0" name="com-nopcommerce-pagefactorymodel" tests="3" failures="0" timestamp="2022-12-13T13:24:25 GMT" time="68.116" errors="0">
  <testcase name="test" time="0.021" classname="com.nopcommerce.demo.testbase.BaseTest"/>
  <testcase name="verifyProductAddedToShoppingCartSuccessFully" time="33.516" classname="com.nopcommerce.demo.testsuite.computer.TestSuite"/>
  <testcase name="verifyProductArrangeInAlphabeticalOrder" time="2.241" classname="com.nopcommerce.demo.testsuite.computer.TestSuite"/>
</testsuite> <!-- com-nopcommerce-pagefactorymodel -->
